<?xml version="1.0" encoding="UTF-8"?>
<!-- Generated by org.testng.reporters.JUnitXMLReporter -->
<testsuite ignored="0" hostname="DESKTOP-AMAR" failures="1" tests="1" name="Test" time="19.329" errors="0" timestamp="2022-11-18T20:23:28 IST">
  <testcase classname="com.crm.Sdet.campaign.CreateCampaignByGenericTest" name="CreateCampaign" time="10.84">
    <failure type="java.lang.AssertionError" message="expected [false] but found [true]">
      <![CDATA[java.lang.AssertionError: expected [false] but found [true]
at com.crm.Sdet.campaign.CreateCampaignByGenericTest.CreateCampaign(CreateCampaignByGenericTest.java:35)
at java.base/java.util.ArrayList.forEach(ArrayList.java:1511)
... Removed 33 stack frames]]>
    </failure>
  </testcase> <!-- CreateCampaign -->
</testsuite> <!-- Test -->
